Base path: 'C:/Program Files/Unity/Hub/Editor/2019.3.14f1/Editor/Data', plugins path 'C:/Program Files/Unity/Hub/Editor/2019.3.14f1/Editor/Data/PlaybackEngines'
Cmd: initializeCompiler
Cmd: preprocess
  insize=27770 outsize=1745 ok=1
Cmd: compileSnippet
  api=4 type=0 insize=9471 outsize=978 kw=USE_SHAPE_LIGHT_TYPE_0 pd=UNITY_ENABLE_REFLECTION_BUFFERS UNITY_USE_DITHER_MASK_FOR_ALPHABLENDED_SHADOWS UNITY_PBS_USE_BRDF1 UNITY_SPECCUBE_BOX_PROJECTION UNITY_SPECCUBE_BLENDING UNITY_ENABLE_DETAIL_NORMALMAP SHADER_API_DESKTOP UNITY_COLORSPACE_GAMMA UNITY_LIGHT_PROBE_PROXY_VOLUME UNITY_LIGHTMAP_FULL_HDR ok=1
Cmd: compileSnippet
  api=4 type=1 insize=9471 outsize=946 kw=USE_SHAPE_LIGHT_TYPE_0 pd=UNITY_ENABLE_REFLECTION_BUFFERS UNITY_USE_DITHER_MASK_FOR_ALPHABLENDED_SHADOWS UNITY_PBS_USE_BRDF1 UNITY_SPECCUBE_BOX_PROJECTION UNITY_SPECCUBE_BLENDING UNITY_ENABLE_DETAIL_NORMALMAP SHADER_API_DESKTOP UNITY_COLORSPACE_GAMMA UNITY_LIGHT_PROBE_PROXY_VOLUME UNITY_LIGHTMAP_FULL_HDR ok=1
Cmd: preprocess
  insize=811 outsize=209 ok=1
Cmd: preprocess
  insize=28679 outsize=1736 ok=1
Cmd: compileSnippet
  api=4 type=0 insize=9471 outsize=978 kw=ETC1_EXTERNAL_ALPHA USE_SHAPE_LIGHT_TYPE_0 pd=UNITY_ENABLE_REFLECTION_BUFFERS UNITY_USE_DITHER_MASK_FOR_ALPHABLENDED_SHADOWS UNITY_PBS_USE_BRDF1 UNITY_SPECCUBE_BOX_PROJECTION UNITY_SPECCUBE_BLENDING UNITY_ENABLE_DETAIL_NORMALMAP SHADER_API_DESKTOP UNITY_COLORSPACE_GAMMA UNITY_LIGHT_PROBE_PROXY_VOLUME UNITY_LIGHTMAP_FULL_HDR ok=1
Cmd: compileSnippet
  api=4 type=1 insize=9471 outsize=1150 kw=ETC1_EXTERNAL_ALPHA USE_SHAPE_LIGHT_TYPE_0 pd=UNITY_ENABLE_REFLECTION_BUFFERS UNITY_USE_DITHER_MASK_FOR_ALPHABLENDED_SHADOWS UNITY_PBS_USE_BRDF1 UNITY_SPECCUBE_BOX_PROJECTION UNITY_SPECCUBE_BLENDING UNITY_ENABLE_DETAIL_NORMALMAP SHADER_API_DESKTOP UNITY_COLORSPACE_GAMMA UNITY_LIGHT_PROBE_PROXY_VOLUME UNITY_LIGHTMAP_FULL_HDR ok=1
Cmd: preprocess
  insize=811 outsize=209 ok=1
Cmd: preprocess
  insize=811 outsize=209 ok=1
Cmd: preprocess
  insize=3625 outsize=346 ok=1
Cmd: preprocess
  insize=31273 outsize=1796 ok=1
Cmd: preprocess
  insize=811 outsize=209 ok=1
Cmd: preprocess
  insize=811 outsize=209 ok=1
Cmd: preprocess
  insize=3625 outsize=346 ok=1
Cmd: preprocess
  insize=811 outsize=209 ok=1
Cmd: preprocess
  insize=3552 outsize=346 ok=1
Cmd: preprocess
  insize=4094 outsize=346 ok=1
Cmd: preprocess
  insize=811 outsize=209 ok=1
Cmd: preprocess
  insize=811 outsize=209 ok=1
Cmd: preprocess
  insize=811 outsize=209 ok=1
Cmd: preprocess
  insize=811 outsize=209 ok=1
Cmd: preprocess
  insize=811 outsize=209 ok=1
Cmd: preprocess
  insize=811 outsize=209 ok=1
Cmd: preprocess
  insize=31273 outsize=1796 ok=1
Cmd: preprocess
  insize=3625 outsize=346 ok=1
Cmd: preprocess
  insize=4094 outsize=346 ok=1
Cmd: preprocess
  insize=3552 outsize=346 ok=1
Cmd: preprocess
  insize=811 outsize=209 ok=1
Cmd: preprocess
  insize=3887 outsize=339 ok=1
Cmd: preprocess
  insize=4356 outsize=339 ok=1
Cmd: preprocess
  insize=4876 outsize=339 ok=1
Cmd: preprocess
  insize=3716 outsize=409 ok=1
Cmd: preprocess
  insize=31444 outsize=1859 ok=1
Cmd: preprocess
  insize=4967 outsize=402 ok=1
Cmd: preprocess
  insize=4185 outsize=409 ok=1
Cmd: compileSnippet
  error: 1 plat 4 at (111): 'TransformObjectToWorld': implicit truncation of vector type\nCompiling Vertex program
Platform defines: UNITY_ENABLE_REFLECTION_BUFFERS UNITY_USE_DITHER_MASK_FOR_ALPHABLENDED_SHADOWS UNITY_PBS_USE_BRDF1 UNITY_SPECCUBE_BOX_PROJECTION UNITY_SPECCUBE_BLENDING UNITY_ENABLE_DETAIL_NORMALMAP SHADER_API_DESKTOP UNITY_COLORSPACE_GAMMA UNITY_LIGHT_PROBE_PROXY_VOLUME UNITY_LIGHTMAP_FULL_HDR
  api=4 type=0 insize=4899 outsize=642 kw= pd=UNITY_ENABLE_REFLECTION_BUFFERS UNITY_USE_DITHER_MASK_FOR_ALPHABLENDED_SHADOWS UNITY_PBS_USE_BRDF1 UNITY_SPECCUBE_BOX_PROJECTION UNITY_SPECCUBE_BLENDING UNITY_ENABLE_DETAIL_NORMALMAP SHADER_API_DESKTOP UNITY_COLORSPACE_GAMMA UNITY_LIGHT_PROBE_PROXY_VOLUME UNITY_LIGHTMAP_FULL_HDR ok=1
Cmd: compileSnippet
  api=4 type=0 insize=10505 outsize=978 kw=USE_SHAPE_LIGHT_TYPE_0 pd=UNITY_ENABLE_REFLECTION_BUFFERS UNITY_USE_DITHER_MASK_FOR_ALPHABLENDED_SHADOWS UNITY_PBS_USE_BRDF1 UNITY_SPECCUBE_BOX_PROJECTION UNITY_SPECCUBE_BLENDING UNITY_ENABLE_DETAIL_NORMALMAP SHADER_API_DESKTOP UNITY_COLORSPACE_GAMMA UNITY_LIGHT_PROBE_PROXY_VOLUME UNITY_LIGHTMAP_FULL_HDR ok=1
Cmd: preprocess
  insize=811 outsize=209 ok=1
Cmd: preprocess
  insize=811 outsize=209 ok=1
Cmd: preprocess
  insize=5252 outsize=401 ok=1
Cmd: preprocess
  insize=5296 outsize=402 ok=1
Cmd: preprocess
  insize=811 outsize=209 ok=1
Cmd: preprocess
  insize=3963 outsize=405 ok=1
Cmd: preprocess
  insize=5540 outsize=406 ok=1
Cmd: preprocess
  insize=37797 outsize=1867 ok=1
Cmd: preprocess
  insize=5380 outsize=457 ok=1
Cmd: preprocess
  insize=5616 outsize=453 ok=1
Cmd: preprocess
  insize=37955 outsize=1913 ok=1
Cmd: preprocess
  insize=3800 outsize=464 ok=1
Cmd: preprocess
  insize=5051 outsize=457 ok=1
Cmd: preprocess
  insize=4269 outsize=464 ok=1
Cmd: compileSnippet
  error: 1 plat 4 at (90): 'TransformObjectToWorld': implicit truncation of vector type\nCompiling Vertex program
Platform defines: UNITY_ENABLE_REFLECTION_BUFFERS UNITY_USE_DITHER_MASK_FOR_ALPHABLENDED_SHADOWS UNITY_PBS_USE_BRDF1 UNITY_SPECCUBE_BOX_PROJECTION UNITY_SPECCUBE_BLENDING UNITY_ENABLE_DETAIL_NORMALMAP SHADER_API_DESKTOP UNITY_COLORSPACE_GAMMA UNITY_LIGHT_PROBE_PROXY_VOLUME UNITY_LIGHTMAP_FULL_HDR
  api=4 type=0 insize=3670 outsize=642 kw= pd=UNITY_ENABLE_REFLECTION_BUFFERS UNITY_USE_DITHER_MASK_FOR_ALPHABLENDED_SHADOWS UNITY_PBS_USE_BRDF1 UNITY_SPECCUBE_BOX_PROJECTION UNITY_SPECCUBE_BLENDING UNITY_ENABLE_DETAIL_NORMALMAP SHADER_API_DESKTOP UNITY_COLORSPACE_GAMMA UNITY_LIGHT_PROBE_PROXY_VOLUME UNITY_LIGHTMAP_FULL_HDR ok=1
Cmd: preprocess
  insize=811 outsize=209 ok=1
Cmd: preprocess
  insize=811 outsize=209 ok=1
Cmd: preprocess
  insize=3861 outsize=464 ok=1
Cmd: preprocess
  insize=4403 outsize=464 ok=1
Cmd: preprocess
  insize=5185 outsize=457 ok=1
Cmd: preprocess
  insize=5514 outsize=457 ok=1
Cmd: preprocess
  insize=5750 outsize=453 ok=1
Cmd: preprocess
  insize=38405 outsize=1913 ok=1
Cmd: preprocess
  insize=811 outsize=209 ok=1
Cmd: preprocess
  insize=811 outsize=209 ok=1
Cmd: preprocess
  insize=811 outsize=209 ok=1
Cmd: preprocess
  insize=811 outsize=209 ok=1
Cmd: preprocess
  insize=811 outsize=209 ok=1
Cmd: preprocess
  insize=811 outsize=209 ok=1
Cmd: preprocess
  insize=811 outsize=209 ok=1
Cmd: preprocess
  insize=811 outsize=209 ok=1
Cmd: preprocess
  insize=4665 outsize=456 ok=1
Cmd: preprocess
  insize=4994 outsize=456 ok=1
Cmd: preprocess
  insize=4403 outsize=464 ok=1
Cmd: preprocess
  insize=3861 outsize=464 ok=1
Cmd: preprocess
  insize=3861 outsize=464 ok=1
Cmd: preprocess
  insize=4403 outsize=463 ok=1
Cmd: preprocess
  insize=4665 outsize=456 ok=1
Cmd: preprocess
  insize=4994 outsize=456 ok=1
Cmd: preprocess
  insize=811 outsize=209 ok=1
Cmd: preprocess
  insize=3274 outsize=452 ok=1
Cmd: preprocess
  insize=5906 outsize=453 ok=1
Cmd: preprocess
  insize=7290 outsize=452 ok=1
Cmd: preprocess
  insize=7150 outsize=453 ok=1
Cmd: preprocess
  insize=7290 outsize=453 ok=1
Cmd: preprocess
  insize=43529 outsize=1915 ok=1
Cmd: preprocess
  insize=811 outsize=209 ok=1
Cmd: preprocess
  insize=811 outsize=209 ok=1
Cmd: preprocess
  insize=811 outsize=209 ok=1
Cmd: preprocess
  insize=811 outsize=209 ok=1
Cmd: preprocess
  insize=811 outsize=209 ok=1
Cmd: preprocess
  insize=811 outsize=209 ok=1
Cmd: preprocess
  insize=811 outsize=209 ok=1
Cmd: preprocess
  insize=811 outsize=209 ok=1
Cmd: preprocess
  insize=811 outsize=209 ok=1
Cmd: preprocess
  insize=811 outsize=209 ok=1
Cmd: preprocess
  insize=811 outsize=209 ok=1
Cmd: preprocess
  insize=811 outsize=209 ok=1
Cmd: preprocess
  insize=811 outsize=209 ok=1
Cmd: preprocess
  insize=811 outsize=209 ok=1
Cmd: preprocess
  insize=811 outsize=209 ok=1
Cmd: preprocess
  insize=811 outsize=209 ok=1
Cmd: preprocess
  insize=811 outsize=209 ok=1
Cmd: preprocess
  insize=811 outsize=209 ok=1
Cmd: preprocess
  insize=811 outsize=209 ok=1
Cmd: preprocess
  insize=811 outsize=209 ok=1
Cmd: preprocess
  insize=811 outsize=209 ok=1
Cmd: preprocess
  insize=3861 outsize=464 ok=1
Cmd: preprocess
  insize=4403 outsize=464 ok=1
Cmd: preprocess
  insize=3800 outsize=464 ok=1
Cmd: preprocess
  insize=43529 outsize=1915 ok=1
Cmd: preprocess
  insize=5185 outsize=457 ok=1
Cmd: preprocess
  insize=5514 outsize=457 ok=1
Cmd: preprocess
  insize=7290 outsize=453 ok=1
Cmd: preprocess
  insize=4665 outsize=456 ok=1
Cmd: preprocess
  insize=4994 outsize=456 ok=1
Cmd: preprocess
  insize=4403 outsize=463 ok=1
Cmd: preprocess
  insize=3861 outsize=464 ok=1
Cmd: preprocess
  insize=7150 outsize=453 ok=1
Cmd: preprocess
  insize=811 outsize=209 ok=1
Cmd: preprocess
  insize=811 outsize=209 ok=1
Cmd: preprocess
  insize=811 outsize=209 ok=1
Cmd: preprocess
  insize=811 outsize=209 ok=1
Cmd: preprocess
  insize=811 outsize=209 ok=1
Cmd: preprocess
  insize=811 outsize=209 ok=1
Cmd: preprocess
  insize=811 outsize=209 ok=1
Cmd: preprocess
  insize=811 outsize=209 ok=1
Cmd: preprocess
  insize=811 outsize=209 ok=1
Cmd: preprocess
  insize=811 outsize=209 ok=1
Cmd: preprocess
  insize=811 outsize=209 ok=1
Cmd: preprocess
  insize=811 outsize=209 ok=1
Cmd: preprocess
  insize=811 outsize=209 ok=1
Cmd: preprocess
  insize=811 outsize=209 ok=1
Cmd: preprocess
  insize=811 outsize=209 ok=1
Cmd: preprocess
  insize=811 outsize=209 ok=1
Cmd: preprocess
  insize=811 outsize=209 ok=1
Cmd: preprocess
  insize=811 outsize=209 ok=1
Cmd: preprocess
  insize=811 outsize=209 ok=1
Cmd: preprocess
  insize=811 outsize=209 ok=1
Cmd: preprocess
  insize=811 outsize=209 ok=1
Cmd: preprocess
  insize=3861 outsize=464 ok=1
Cmd: preprocess
  insize=4403 outsize=464 ok=1
Cmd: preprocess
  insize=3800 outsize=464 ok=1
Cmd: preprocess
  insize=43529 outsize=1915 ok=1
Cmd: preprocess
  insize=5185 outsize=457 ok=1
Cmd: preprocess
  insize=5514 outsize=457 ok=1
Cmd: preprocess
  insize=7290 outsize=453 ok=1
Cmd: preprocess
  insize=4665 outsize=456 ok=1
Cmd: preprocess
  insize=4994 outsize=456 ok=1
Cmd: preprocess
  insize=4403 outsize=463 ok=1
Cmd: preprocess
  insize=3861 outsize=464 ok=1
Cmd: preprocess
  insize=7150 outsize=453 ok=1
Cmd: preprocess
  insize=5750 outsize=453 ok=1
Cmd: preprocess
  insize=38405 outsize=1913 ok=1
Cmd: preprocess
  insize=7294 outsize=457 ok=1
Cmd: preprocess
  insize=43533 outsize=1919 ok=1
Cmd: preprocess
  insize=5754 outsize=457 ok=1
Cmd: preprocess
  insize=38409 outsize=1917 ok=1
Cmd: preprocess
  insize=5189 outsize=461 ok=1
Cmd: preprocess
  insize=5518 outsize=461 ok=1
Cmd: preprocess
  insize=7126 outsize=457 ok=1
Cmd: preprocess
  insize=3366 outsize=461 ok=1
Cmd: preprocess
  insize=5990 outsize=457 ok=1
Cmd: preprocess
  insize=811 outsize=209 ok=1
Cmd: preprocess
  insize=4629 outsize=456 ok=1
Cmd: preprocess
  insize=5614 outsize=456 ok=1
Cmd: preprocess
  insize=811 outsize=209 ok=1
Cmd: preprocess
  insize=5969 outsize=459 ok=1
Cmd: preprocess
  insize=5770 outsize=456 ok=1
Cmd: preprocess
  insize=6777 outsize=461 ok=1
Cmd: preprocess
  insize=7106 outsize=461 ok=1
Cmd: preprocess
  insize=7358 outsize=457 ok=1
Cmd: preprocess
  insize=7342 outsize=457 ok=1
Cmd: preprocess
  insize=43893 outsize=1918 ok=1
Cmd: preprocess
  insize=811 outsize=209 ok=1
Cmd: preprocess
  insize=811 outsize=209 ok=1
Cmd: preprocess
  insize=811 outsize=209 ok=1
Cmd: preprocess
  insize=811 outsize=209 ok=1
Cmd: preprocess
  insize=811 outsize=209 ok=1
Cmd: preprocess
  insize=811 outsize=209 ok=1
Cmd: preprocess
  insize=811 outsize=209 ok=1
Cmd: preprocess
  insize=811 outsize=209 ok=1
Cmd: preprocess
  insize=811 outsize=209 ok=1
Cmd: preprocess
  insize=811 outsize=209 ok=1
Cmd: preprocess
  insize=811 outsize=209 ok=1
Cmd: preprocess
  insize=811 outsize=209 ok=1
Cmd: preprocess
  insize=3865 outsize=468 ok=1
Cmd: preprocess
  insize=4407 outsize=468 ok=1
Cmd: preprocess
  insize=3804 outsize=468 ok=1
Cmd: preprocess
  insize=4407 outsize=468 ok=1
Cmd: preprocess
  insize=3865 outsize=468 ok=1
Cmd: preprocess
  insize=811 outsize=209 ok=1
Cmd: preprocess
  insize=3328 outsize=461 ok=1
Cmd: preprocess
  insize=3355 outsize=461 ok=1
Cmd: preprocess
  insize=811 outsize=209 ok=1
Cmd: preprocess
  insize=3278 outsize=459 ok=1
Cmd: preprocess
  insize=4075 outsize=468 ok=1
Cmd: preprocess
  insize=4617 outsize=466 ok=1
Cmd: preprocess
  insize=811 outsize=209 ok=1
Cmd: preprocess
  insize=3278 outsize=459 ok=1
Cmd: preprocess
  insize=4075 outsize=468 ok=1
Cmd: preprocess
  insize=4617 outsize=468 ok=1
Cmd: preprocess
  insize=811 outsize=209 ok=1
Cmd: preprocess
  insize=4839 outsize=456 ok=1
Cmd: preprocess
  insize=5940 outsize=457 ok=1
Cmd: preprocess
  insize=811 outsize=209 ok=1
Cmd: preprocess
  insize=6093 outsize=456 ok=1
Cmd: preprocess
  insize=8216 outsize=457 ok=1
Cmd: preprocess
  insize=8571 outsize=459 ok=1
Cmd: preprocess
  insize=9379 outsize=462 ok=1
Cmd: preprocess
  insize=9708 outsize=462 ok=1
Cmd: preprocess
  insize=9960 outsize=456 ok=1
Cmd: preprocess
  insize=9944 outsize=457 ok=1
Cmd: preprocess
  insize=52647 outsize=1920 ok=1
Cmd: preprocess
  insize=811 outsize=209 ok=1
Cmd: preprocess
  insize=4131 outsize=458 ok=1
Cmd: preprocess
  insize=811 outsize=209 ok=1
Cmd: preprocess
  insize=4419 outsize=460 ok=1
Cmd: preprocess
  insize=9890 outsize=461 ok=1
Cmd: preprocess
  insize=10219 outsize=462 ok=1
Cmd: preprocess
  insize=10471 outsize=457 ok=1
Cmd: preprocess
  insize=10455 outsize=456 ok=1
Cmd: preprocess
  insize=54480 outsize=1921 ok=1
Cmd: preprocess
  insize=50223 outsize=1930 ok=1
Cmd: compileSnippet
  api=4 type=0 insize=16785 outsize=978 kw=USE_SHAPE_LIGHT_TYPE_0 pd=UNITY_ENABLE_REFLECTION_BUFFERS UNITY_USE_DITHER_MASK_FOR_ALPHABLENDED_SHADOWS UNITY_PBS_USE_BRDF1 UNITY_SPECCUBE_BOX_PROJECTION UNITY_SPECCUBE_BLENDING UNITY_ENABLE_DETAIL_NORMALMAP SHADER_API_DESKTOP UNITY_COLORSPACE_GAMMA UNITY_LIGHT_PROBE_PROXY_VOLUME UNITY_LIGHTMAP_FULL_HDR ok=1
Cmd: compileSnippet
  api=4 type=1 insize=16785 outsize=1570 kw=USE_SHAPE_LIGHT_TYPE_0 pd=UNITY_ENABLE_REFLECTION_BUFFERS UNITY_USE_DITHER_MASK_FOR_ALPHABLENDED_SHADOWS UNITY_PBS_USE_BRDF1 UNITY_SPECCUBE_BOX_PROJECTION UNITY_SPECCUBE_BLENDING UNITY_ENABLE_DETAIL_NORMALMAP SHADER_API_DESKTOP UNITY_COLORSPACE_GAMMA UNITY_LIGHT_PROBE_PROXY_VOLUME UNITY_LIGHTMAP_FULL_HDR ok=1
Cmd: preprocess
  insize=811 outsize=209 ok=1
Cmd: preprocess
  insize=811 outsize=209 ok=1
Cmd: preprocess
  insize=811 outsize=209 ok=1
Cmd: preprocess
  insize=811 outsize=209 ok=1
Cmd: preprocess
  insize=811 outsize=209 ok=1
Cmd: preprocess
  insize=811 outsize=209 ok=1
Cmd: preprocess
  insize=811 outsize=209 ok=1
Cmd: preprocess
  insize=811 outsize=209 ok=1
Cmd: preprocess
  insize=811 outsize=209 ok=1
Cmd: preprocess
  insize=811 outsize=209 ok=1
Cmd: preprocess
  insize=811 outsize=209 ok=1
Cmd: preprocess
  insize=811 outsize=209 ok=1
Cmd: preprocess
  insize=811 outsize=209 ok=1
Cmd: preprocess
  insize=811 outsize=209 ok=1
Cmd: preprocess
  insize=811 outsize=209 ok=1
Cmd: preprocess
  insize=811 outsize=209 ok=1
Cmd: preprocess
  insize=811 outsize=209 ok=1
Cmd: preprocess
  insize=811 outsize=209 ok=1
Cmd: preprocess
  insize=811 outsize=209 ok=1
Cmd: preprocess
  insize=811 outsize=209 ok=1
Cmd: preprocess
  insize=811 outsize=209 ok=1
Cmd: preprocess
  insize=811 outsize=209 ok=1
Cmd: preprocess
  insize=811 outsize=209 ok=1
Cmd: preprocess
  insize=811 outsize=209 ok=1
Cmd: preprocess
  insize=811 outsize=209 ok=1
Cmd: preprocess
  insize=811 outsize=209 ok=1
Cmd: preprocess
  insize=811 outsize=209 ok=1
Cmd: preprocess
  insize=811 outsize=209 ok=1
Cmd: preprocess
  insize=811 outsize=209 ok=1
Cmd: preprocess
  insize=811 outsize=209 ok=1
Cmd: preprocess
  insize=811 outsize=209 ok=1
Cmd: preprocess
  insize=811 outsize=209 ok=1
Cmd: preprocess
  insize=811 outsize=209 ok=1
Cmd: preprocess
  insize=811 outsize=209 ok=1
Cmd: preprocess
  insize=811 outsize=209 ok=1
Cmd: preprocess
  insize=811 outsize=209 ok=1
Cmd: preprocess
  insize=3865 outsize=468 ok=1
Cmd: preprocess
  insize=4407 outsize=467 ok=1
Cmd: preprocess
  insize=4075 outsize=468 ok=1
Cmd: preprocess
  insize=5614 outsize=456 ok=1
Cmd: preprocess
  insize=10455 outsize=456 ok=1
Cmd: preprocess
  insize=10219 outsize=462 ok=1
Cmd: preprocess
  insize=9890 outsize=461 ok=1
Cmd: preprocess
  insize=54480 outsize=1921 ok=1
Cmd: preprocess
  insize=3804 outsize=468 ok=1
Cmd: preprocess
  insize=4407 outsize=468 ok=1
Cmd: preprocess
  insize=3865 outsize=468 ok=1
Cmd: preprocess
  insize=8571 outsize=459 ok=1
Cmd: preprocess
  insize=4617 outsize=466 ok=1
Cmd: preprocess
  insize=8216 outsize=457 ok=1
Cmd: preprocess
  insize=5940 outsize=457 ok=1
Cmd: preprocess
  insize=4617 outsize=468 ok=1
Cmd: preprocess
  insize=4075 outsize=468 ok=1
Cmd: preprocess
  insize=3278 outsize=459 ok=1
Cmd: preprocess
  insize=3278 outsize=459 ok=1
Cmd: preprocess
  insize=4131 outsize=458 ok=1
Cmd: preprocess
  insize=4419 outsize=460 ok=1
Cmd: preprocess
  insize=811 outsize=209 ok=1
Cmd: preprocess
  insize=8853 outsize=461 ok=1
Cmd: preprocess
  insize=10068 outsize=462 ok=1
Cmd: preprocess
  insize=10397 outsize=462 ok=1
Cmd: preprocess
  insize=10633 outsize=457 ok=1
Cmd: preprocess
  insize=55086 outsize=1921 ok=1
Cmd: preprocess
  insize=50652 outsize=1931 ok=1
Cmd: compileSnippet
  api=4 type=0 insize=16928 outsize=978 kw=USE_SHAPE_LIGHT_TYPE_0 pd=UNITY_ENABLE_REFLECTION_BUFFERS UNITY_USE_DITHER_MASK_FOR_ALPHABLENDED_SHADOWS UNITY_PBS_USE_BRDF1 UNITY_SPECCUBE_BOX_PROJECTION UNITY_SPECCUBE_BLENDING UNITY_ENABLE_DETAIL_NORMALMAP SHADER_API_DESKTOP UNITY_COLORSPACE_GAMMA UNITY_LIGHT_PROBE_PROXY_VOLUME UNITY_LIGHTMAP_FULL_HDR ok=1
Cmd: compileSnippet
  api=4 type=1 insize=16928 outsize=1638 kw=USE_SHAPE_LIGHT_TYPE_0 pd=UNITY_ENABLE_REFLECTION_BUFFERS UNITY_USE_DITHER_MASK_FOR_ALPHABLENDED_SHADOWS UNITY_PBS_USE_BRDF1 UNITY_SPECCUBE_BOX_PROJECTION UNITY_SPECCUBE_BLENDING UNITY_ENABLE_DETAIL_NORMALMAP SHADER_API_DESKTOP UNITY_COLORSPACE_GAMMA UNITY_LIGHT_PROBE_PROXY_VOLUME UNITY_LIGHTMAP_FULL_HDR ok=1
Cmd: preprocess
  insize=811 outsize=209 ok=1
Cmd: preprocess
  insize=811 outsize=209 ok=1
Cmd: preprocess
  insize=811 outsize=209 ok=1
Cmd: preprocess
  insize=811 outsize=209 ok=1
Cmd: preprocess
  insize=811 outsize=209 ok=1
Cmd: preprocess
  insize=811 outsize=209 ok=1
Cmd: preprocess
  insize=811 outsize=209 ok=1
Cmd: preprocess
  insize=811 outsize=209 ok=1
Cmd: preprocess
  insize=811 outsize=209 ok=1
Cmd: preprocess
  insize=811 outsize=209 ok=1
Cmd: preprocess
  insize=811 outsize=209 ok=1
Cmd: preprocess
  insize=811 outsize=209 ok=1
Cmd: preprocess
  insize=811 outsize=209 ok=1
Cmd: preprocess
  insize=811 outsize=209 ok=1
Cmd: preprocess
  insize=811 outsize=209 ok=1
Cmd: preprocess
  insize=811 outsize=209 ok=1
Cmd: preprocess
  insize=811 outsize=209 ok=1
Cmd: preprocess
  insize=811 outsize=209 ok=1
Cmd: preprocess
  insize=811 outsize=209 ok=1
Cmd: preprocess
  insize=811 outsize=209 ok=1
Cmd: preprocess
  insize=811 outsize=209 ok=1
Cmd: preprocess
  insize=811 outsize=209 ok=1
Cmd: preprocess
  insize=811 outsize=209 ok=1
Cmd: preprocess
  insize=811 outsize=209 ok=1
Cmd: preprocess
  insize=811 outsize=209 ok=1
Cmd: preprocess
  insize=811 outsize=209 ok=1
Cmd: preprocess
  insize=811 outsize=209 ok=1
Cmd: preprocess
  insize=811 outsize=209 ok=1
Cmd: preprocess
  insize=811 outsize=209 ok=1
Cmd: preprocess
  insize=811 outsize=209 ok=1
Cmd: preprocess
  insize=811 outsize=209 ok=1
Cmd: preprocess
  insize=811 outsize=209 ok=1
Cmd: preprocess
  insize=811 outsize=209 ok=1
Cmd: preprocess
  insize=811 outsize=209 ok=1
Cmd: preprocess
  insize=811 outsize=209 ok=1
Cmd: preprocess
  insize=811 outsize=209 ok=1
Cmd: preprocess
  insize=811 outsize=209 ok=1
Cmd: preprocess
  insize=3865 outsize=468 ok=1
Cmd: preprocess
  insize=4407 outsize=467 ok=1
Cmd: preprocess
  insize=4075 outsize=468 ok=1
Cmd: preprocess
  insize=5614 outsize=456 ok=1
Cmd: preprocess
  insize=10633 outsize=457 ok=1
Cmd: preprocess
  insize=10397 outsize=462 ok=1
Cmd: preprocess
  insize=10068 outsize=462 ok=1
Cmd: preprocess
  insize=55086 outsize=1921 ok=1
Cmd: preprocess
  insize=3804 outsize=468 ok=1
Cmd: preprocess
  insize=4407 outsize=468 ok=1
Cmd: preprocess
  insize=3865 outsize=468 ok=1
Cmd: preprocess
  insize=8571 outsize=459 ok=1
Cmd: preprocess
  insize=4617 outsize=466 ok=1
Cmd: preprocess
  insize=8216 outsize=457 ok=1
Cmd: preprocess
  insize=5940 outsize=457 ok=1
Cmd: preprocess
  insize=4617 outsize=468 ok=1
Cmd: preprocess
  insize=4075 outsize=468 ok=1
Cmd: preprocess
  insize=3278 outsize=459 ok=1
Cmd: preprocess
  insize=3278 outsize=459 ok=1
Cmd: preprocess
  insize=4131 outsize=458 ok=1
Cmd: preprocess
  insize=4419 outsize=460 ok=1
Cmd: preprocess
  insize=8853 outsize=461 ok=1
Cmd: preprocess
  insize=50657 outsize=1936 ok=1
